2023-12-05 18:33:29.019 [Test worker] INFO  EdgeTable - creating new EdgeTable instance
2023-12-05 18:33:29.030 [Test worker] DEBUG EdgeTable - creating new EdgeTable instance using 1|table1
2023-12-05 18:33:29.103 [Test worker] INFO  EdgeTable - creating new EdgeTable instance
2023-12-05 18:33:29.117 [Test worker] DEBUG EdgeTable - creating new EdgeTable instance using 1|table2
2023-12-05 18:33:29.118 [Test worker] INFO  EdgeField - creating new EdgeField instance
2023-12-05 18:33:29.122 [Test worker] DEBUG EdgeField - creating new EdgeField instance using 1|field1
2023-12-05 18:33:29.129 [Test worker] DEBUG EdgeField - setting defaults for EdgeField
2023-12-05 18:33:29.130 [Test worker] INFO  EdgeField - creating new EdgeField instance
2023-12-05 18:33:29.133 [Test worker] DEBUG EdgeField - creating new EdgeField instance using 1|field2
2023-12-05 18:33:29.133 [Test worker] DEBUG EdgeField - setting defaults for EdgeField
2023-12-05 18:33:29.134 [Test worker] INFO  EdgeTable - creating new EdgeTable instance
2023-12-05 18:33:29.134 [Test worker] DEBUG EdgeTable - creating new EdgeTable instance using 1|table3
2023-12-05 18:33:29.134 [Test worker] INFO  EdgeTable - creating new EdgeTable instance
2023-12-05 18:33:29.136 [Test worker] DEBUG EdgeTable - creating new EdgeTable instance using 1|table4
2023-12-05 18:33:29.136 [Test worker] INFO  EdgeField - creating new EdgeField instance
2023-12-05 18:33:29.137 [Test worker] DEBUG EdgeField - creating new EdgeField instance using 1|field3
2023-12-05 18:33:29.137 [Test worker] DEBUG EdgeField - setting defaults for EdgeField
2023-12-05 18:33:29.137 [Test worker] INFO  EdgeField - creating new EdgeField instance
2023-12-05 18:33:29.203 [Test worker] DEBUG EdgeField - creating new EdgeField instance using 1|field4
2023-12-05 18:33:29.204 [Test worker] DEBUG EdgeField - setting defaults for EdgeField
2023-12-05 18:33:29.204 [Test worker] INFO  EdgeTable - convert the ArrayList into int[]
2023-12-05 18:33:29.240 [Test worker] DEBUG EdgeTable - nativeFields array: [I@760a65e9
2023-12-05 18:33:29.593 [Test worker] DEBUG EdgeTable - relatedTables array: [I@762f3ed5
2023-12-05 18:33:29.594 [Test worker] DEBUG EdgeTable - relatedFields array: [I@6c025d5e
2023-12-05 18:33:29.594 [Test worker] INFO  EdgeTable - convert the ArrayList into int[]
2023-12-05 18:33:29.595 [Test worker] DEBUG EdgeTable - nativeFields array: [I@3292d781
2023-12-05 18:33:29.595 [Test worker] DEBUG EdgeTable - relatedTables array: [I@1792c917
2023-12-05 18:33:29.595 [Test worker] DEBUG EdgeTable - relatedFields array: [I@184494a6
2023-12-05 18:33:30.036 [Test worker] INFO  EdgeField - creating new DDL instance using [LEdgeTable;@4990b164 and [LEdgeField;@1836a1c7
2023-12-05 18:33:30.106 [Test worker] DEBUG EdgeField - Initializing edgeConvert...
2023-12-05 18:33:30.115 [Test worker] DEBUG EdgeField - Stepping through tables...
2023-12-05 18:33:30.116 [Test worker] DEBUG EdgeTable - getting relatedFields array: [I@6c025d5e
2023-12-05 18:33:30.191 [Test worker] DEBUG EdgeField - Stepping through tables...
2023-12-05 18:33:30.194 [Test worker] DEBUG EdgeTable - getting relatedFields array: null
2023-12-05 18:33:30.242 [Test worker] INFO  EdgeTable - creating new EdgeTable instance
2023-12-05 18:33:30.251 [Test worker] DEBUG EdgeTable - creating new EdgeTable instance using 1|table1
2023-12-05 18:33:30.252 [Test worker] INFO  EdgeTable - creating new EdgeTable instance
2023-12-05 18:33:30.257 [Test worker] DEBUG EdgeTable - creating new EdgeTable instance using 1|table2
2023-12-05 18:33:30.259 [Test worker] INFO  EdgeField - creating new EdgeField instance
2023-12-05 18:33:30.260 [Test worker] DEBUG EdgeField - creating new EdgeField instance using 1|field1
2023-12-05 18:33:30.260 [Test worker] DEBUG EdgeField - setting defaults for EdgeField
2023-12-05 18:33:30.261 [Test worker] INFO  EdgeField - creating new EdgeField instance
2023-12-05 18:33:30.262 [Test worker] DEBUG EdgeField - creating new EdgeField instance using 1|field2
2023-12-05 18:33:30.269 [Test worker] DEBUG EdgeField - setting defaults for EdgeField
2023-12-05 18:33:30.270 [Test worker] INFO  EdgeTable - creating new EdgeTable instance
2023-12-05 18:33:30.271 [Test worker] DEBUG EdgeTable - creating new EdgeTable instance using 1|table3
2023-12-05 18:33:30.271 [Test worker] INFO  EdgeTable - creating new EdgeTable instance
2023-12-05 18:33:30.273 [Test worker] DEBUG EdgeTable - creating new EdgeTable instance using 1|table4
2023-12-05 18:33:30.273 [Test worker] INFO  EdgeField - creating new EdgeField instance
2023-12-05 18:33:30.275 [Test worker] DEBUG EdgeField - creating new EdgeField instance using 1|field3
2023-12-05 18:33:30.275 [Test worker] DEBUG EdgeField - setting defaults for EdgeField
2023-12-05 18:33:30.275 [Test worker] INFO  EdgeField - creating new EdgeField instance
2023-12-05 18:33:30.276 [Test worker] DEBUG EdgeField - creating new EdgeField instance using 1|field4
2023-12-05 18:33:30.277 [Test worker] DEBUG EdgeField - setting defaults for EdgeField
2023-12-05 18:33:30.280 [Test worker] INFO  EdgeTable - convert the ArrayList into int[]
2023-12-05 18:33:30.284 [Test worker] DEBUG EdgeTable - nativeFields array: [I@3dc4e1f4
2023-12-05 18:33:30.285 [Test worker] DEBUG EdgeTable - relatedTables array: [I@f610b1f
2023-12-05 18:33:30.285 [Test worker] DEBUG EdgeTable - relatedFields array: [I@651369cd
2023-12-05 18:33:30.285 [Test worker] INFO  EdgeTable - convert the ArrayList into int[]
2023-12-05 18:33:30.287 [Test worker] DEBUG EdgeTable - nativeFields array: [I@7f4d731d
2023-12-05 18:33:30.287 [Test worker] DEBUG EdgeTable - relatedTables array: [I@659cf641
2023-12-05 18:33:30.287 [Test worker] DEBUG EdgeTable - relatedFields array: [I@62a2301e
2023-12-05 18:33:30.288 [Test worker] INFO  EdgeField - creating new DDL instance using [LEdgeTable;@1c816086 and [LEdgeField;@8402d90
2023-12-05 18:33:30.306 [Test worker] DEBUG EdgeField - Initializing edgeConvert...
2023-12-05 18:33:30.306 [Test worker] DEBUG EdgeField - Stepping through tables...
2023-12-05 18:33:30.327 [Test worker] DEBUG EdgeTable - getting relatedFields array: [I@651369cd
2023-12-05 18:33:30.329 [Test worker] DEBUG EdgeField - Stepping through tables...
2023-12-05 18:33:30.334 [Test worker] DEBUG EdgeTable - getting relatedFields array: null
2023-12-05 18:33:30.359 [Test worker] INFO  EdgeTable - creating new EdgeTable instance
2023-12-05 18:33:30.413 [Test worker] DEBUG EdgeTable - creating new EdgeTable instance using 1|table1
2023-12-05 18:33:30.420 [Test worker] INFO  EdgeTable - creating new EdgeTable instance
2023-12-05 18:33:30.422 [Test worker] DEBUG EdgeTable - creating new EdgeTable instance using 1|table2
2023-12-05 18:33:30.456 [Test worker] INFO  EdgeField - creating new EdgeField instance
2023-12-05 18:33:30.458 [Test worker] DEBUG EdgeField - creating new EdgeField instance using 1|field1
2023-12-05 18:33:30.474 [Test worker] DEBUG EdgeField - setting defaults for EdgeField
2023-12-05 18:33:30.507 [Test worker] INFO  EdgeField - creating new EdgeField instance
2023-12-05 18:33:30.514 [Test worker] DEBUG EdgeField - creating new EdgeField instance using 1|field2
2023-12-05 18:33:30.515 [Test worker] DEBUG EdgeField - setting defaults for EdgeField
2023-12-05 18:33:30.517 [Test worker] INFO  EdgeTable - creating new EdgeTable instance
2023-12-05 18:33:30.520 [Test worker] DEBUG EdgeTable - creating new EdgeTable instance using 1|table3
2023-12-05 18:33:30.520 [Test worker] INFO  EdgeTable - creating new EdgeTable instance
2023-12-05 18:33:30.523 [Test worker] DEBUG EdgeTable - creating new EdgeTable instance using 1|table4
2023-12-05 18:33:30.523 [Test worker] INFO  EdgeField - creating new EdgeField instance
2023-12-05 18:33:30.536 [Test worker] DEBUG EdgeField - creating new EdgeField instance using 1|field3
2023-12-05 18:33:30.536 [Test worker] DEBUG EdgeField - setting defaults for EdgeField
2023-12-05 18:33:30.545 [Test worker] INFO  EdgeField - creating new EdgeField instance
2023-12-05 18:33:30.552 [Test worker] DEBUG EdgeField - creating new EdgeField instance using 1|field4
2023-12-05 18:33:30.552 [Test worker] DEBUG EdgeField - setting defaults for EdgeField
2023-12-05 18:33:30.573 [Test worker] INFO  EdgeTable - convert the ArrayList into int[]
2023-12-05 18:33:30.607 [Test worker] DEBUG EdgeTable - nativeFields array: [I@aecfc27
2023-12-05 18:33:30.613 [Test worker] DEBUG EdgeTable - relatedTables array: [I@79bd0fa4
2023-12-05 18:33:30.614 [Test worker] DEBUG EdgeTable - relatedFields array: [I@6e2fc545
2023-12-05 18:33:30.617 [Test worker] INFO  EdgeTable - convert the ArrayList into int[]
2023-12-05 18:33:30.621 [Test worker] DEBUG EdgeTable - nativeFields array: [I@670a59bd
2023-12-05 18:33:30.623 [Test worker] DEBUG EdgeTable - relatedTables array: [I@aea8cbf
2023-12-05 18:33:30.625 [Test worker] DEBUG EdgeTable - relatedFields array: [I@1b3b6269
2023-12-05 18:33:30.626 [Test worker] INFO  EdgeField - creating new DDL instance using [LEdgeTable;@bae89a6 and [LEdgeField;@3edceedf
2023-12-05 18:33:30.629 [Test worker] DEBUG EdgeField - Initializing edgeConvert...
2023-12-05 18:33:30.629 [Test worker] DEBUG EdgeField - Stepping through tables...
2023-12-05 18:33:30.630 [Test worker] DEBUG EdgeTable - getting relatedFields array: [I@6e2fc545
2023-12-05 18:33:30.632 [Test worker] DEBUG EdgeField - Stepping through tables...
2023-12-05 18:33:30.633 [Test worker] DEBUG EdgeTable - getting relatedFields array: null
2023-12-05 18:33:30.742 [Test worker] INFO  EdgeTable - creating new EdgeTable instance
2023-12-05 18:33:30.804 [Test worker] DEBUG EdgeTable - creating new EdgeTable instance using 1|table1
2023-12-05 18:33:30.805 [Test worker] INFO  EdgeTable - creating new EdgeTable instance
2023-12-05 18:33:30.809 [Test worker] DEBUG EdgeTable - creating new EdgeTable instance using 1|table2
2023-12-05 18:33:30.809 [Test worker] INFO  EdgeField - creating new EdgeField instance
2023-12-05 18:33:30.812 [Test worker] DEBUG EdgeField - creating new EdgeField instance using 1|field1
2023-12-05 18:33:30.812 [Test worker] DEBUG EdgeField - setting defaults for EdgeField
2023-12-05 18:33:30.812 [Test worker] INFO  EdgeField - creating new EdgeField instance
2023-12-05 18:33:30.815 [Test worker] DEBUG EdgeField - creating new EdgeField instance using 1|field2
2023-12-05 18:33:30.818 [Test worker] DEBUG EdgeField - setting defaults for EdgeField
2023-12-05 18:33:30.818 [Test worker] INFO  EdgeTable - creating new EdgeTable instance
2023-12-05 18:33:30.820 [Test worker] DEBUG EdgeTable - creating new EdgeTable instance using 1|table3
2023-12-05 18:33:30.820 [Test worker] INFO  EdgeTable - creating new EdgeTable instance
2023-12-05 18:33:30.821 [Test worker] DEBUG EdgeTable - creating new EdgeTable instance using 1|table4
2023-12-05 18:33:30.822 [Test worker] INFO  EdgeField - creating new EdgeField instance
2023-12-05 18:33:30.824 [Test worker] DEBUG EdgeField - creating new EdgeField instance using 1|field3
2023-12-05 18:33:30.824 [Test worker] DEBUG EdgeField - setting defaults for EdgeField
2023-12-05 18:33:30.824 [Test worker] INFO  EdgeField - creating new EdgeField instance
2023-12-05 18:33:30.826 [Test worker] DEBUG EdgeField - creating new EdgeField instance using 1|field4
2023-12-05 18:33:30.826 [Test worker] DEBUG EdgeField - setting defaults for EdgeField
2023-12-05 18:33:30.826 [Test worker] INFO  EdgeTable - convert the ArrayList into int[]
2023-12-05 18:33:30.828 [Test worker] DEBUG EdgeTable - nativeFields array: [I@600d12cf
2023-12-05 18:33:30.828 [Test worker] DEBUG EdgeTable - relatedTables array: [I@20e51c8d
2023-12-05 18:33:30.828 [Test worker] DEBUG EdgeTable - relatedFields array: [I@5ff9528e
2023-12-05 18:33:30.828 [Test worker] INFO  EdgeTable - convert the ArrayList into int[]
2023-12-05 18:33:30.830 [Test worker] DEBUG EdgeTable - nativeFields array: [I@68ae5b8
2023-12-05 18:33:30.831 [Test worker] DEBUG EdgeTable - relatedTables array: [I@e1904cc
2023-12-05 18:33:30.831 [Test worker] DEBUG EdgeTable - relatedFields array: [I@69060f6
2023-12-05 18:33:30.831 [Test worker] INFO  EdgeField - creating new DDL instance using [LEdgeTable;@13682f88 and [LEdgeField;@421ebf78
2023-12-05 18:33:30.833 [Test worker] DEBUG EdgeField - Initializing edgeConvert...
2023-12-05 18:33:30.833 [Test worker] DEBUG EdgeField - Stepping through tables...
2023-12-05 18:33:30.833 [Test worker] DEBUG EdgeTable - getting relatedFields array: [I@5ff9528e
2023-12-05 18:33:30.839 [Test worker] DEBUG EdgeField - Stepping through tables...
2023-12-05 18:33:30.839 [Test worker] DEBUG EdgeTable - getting relatedFields array: null
2023-12-05 18:33:30.922 [Test worker] INFO  EdgeTable - creating new EdgeTable instance
2023-12-05 18:33:30.925 [Test worker] DEBUG EdgeTable - creating new EdgeTable instance using 1|table1
2023-12-05 18:33:30.926 [Test worker] INFO  EdgeTable - creating new EdgeTable instance
2023-12-05 18:33:30.927 [Test worker] DEBUG EdgeTable - creating new EdgeTable instance using 1|table2
2023-12-05 18:33:30.928 [Test worker] INFO  EdgeField - creating new EdgeField instance
2023-12-05 18:33:30.931 [Test worker] DEBUG EdgeField - creating new EdgeField instance using 1|field1
2023-12-05 18:33:30.938 [Test worker] DEBUG EdgeField - setting defaults for EdgeField
2023-12-05 18:33:30.938 [Test worker] INFO  EdgeField - creating new EdgeField instance
2023-12-05 18:33:30.939 [Test worker] DEBUG EdgeField - creating new EdgeField instance using 1|field2
2023-12-05 18:33:30.940 [Test worker] DEBUG EdgeField - setting defaults for EdgeField
2023-12-05 18:33:30.940 [Test worker] INFO  EdgeTable - creating new EdgeTable instance
2023-12-05 18:33:30.940 [Test worker] DEBUG EdgeTable - creating new EdgeTable instance using 1|table3
2023-12-05 18:33:30.941 [Test worker] INFO  EdgeTable - creating new EdgeTable instance
2023-12-05 18:33:30.941 [Test worker] DEBUG EdgeTable - creating new EdgeTable instance using 1|table4
2023-12-05 18:33:30.941 [Test worker] INFO  EdgeField - creating new EdgeField instance
2023-12-05 18:33:30.942 [Test worker] DEBUG EdgeField - creating new EdgeField instance using 1|field3
2023-12-05 18:33:30.943 [Test worker] DEBUG EdgeField - setting defaults for EdgeField
2023-12-05 18:33:30.943 [Test worker] INFO  EdgeField - creating new EdgeField instance
2023-12-05 18:33:30.943 [Test worker] DEBUG EdgeField - creating new EdgeField instance using 1|field4
2023-12-05 18:33:31.002 [Test worker] DEBUG EdgeField - setting defaults for EdgeField
2023-12-05 18:33:31.003 [Test worker] INFO  EdgeTable - convert the ArrayList into int[]
2023-12-05 18:33:31.004 [Test worker] DEBUG EdgeTable - nativeFields array: [I@467ec93
2023-12-05 18:33:31.004 [Test worker] DEBUG EdgeTable - relatedTables array: [I@175ab39
2023-12-05 18:33:31.005 [Test worker] DEBUG EdgeTable - relatedFields array: [I@53b3c0f0
2023-12-05 18:33:31.006 [Test worker] INFO  EdgeTable - convert the ArrayList into int[]
2023-12-05 18:33:31.007 [Test worker] DEBUG EdgeTable - nativeFields array: [I@64e15081
2023-12-05 18:33:31.007 [Test worker] DEBUG EdgeTable - relatedTables array: [I@5fd93bfa
2023-12-05 18:33:31.009 [Test worker] DEBUG EdgeTable - relatedFields array: [I@73d96f5b
2023-12-05 18:33:31.009 [Test worker] INFO  EdgeField - creating new DDL instance using [LEdgeTable;@3ea08590 and [LEdgeField;@502bbf9d
2023-12-05 18:33:31.013 [Test worker] DEBUG EdgeField - Initializing edgeConvert...
2023-12-05 18:33:31.013 [Test worker] DEBUG EdgeField - Stepping through tables...
2023-12-05 18:33:31.013 [Test worker] DEBUG EdgeTable - getting relatedFields array: [I@53b3c0f0
2023-12-05 18:33:31.015 [Test worker] DEBUG EdgeField - Stepping through tables...
2023-12-05 18:33:31.016 [Test worker] DEBUG EdgeTable - getting relatedFields array: null
2023-12-05 18:33:31.107 [Test worker] INFO  EdgeTable - creating new EdgeTable instance
2023-12-05 18:33:31.108 [Test worker] DEBUG EdgeTable - creating new EdgeTable instance using 1|table1
2023-12-05 18:33:31.108 [Test worker] INFO  EdgeTable - creating new EdgeTable instance
2023-12-05 18:33:31.109 [Test worker] DEBUG EdgeTable - creating new EdgeTable instance using 1|table2
2023-12-05 18:33:31.109 [Test worker] INFO  EdgeField - creating new EdgeField instance
2023-12-05 18:33:31.110 [Test worker] DEBUG EdgeField - creating new EdgeField instance using 1|field1
2023-12-05 18:33:31.126 [Test worker] DEBUG EdgeField - setting defaults for EdgeField
2023-12-05 18:33:31.127 [Test worker] INFO  EdgeField - creating new EdgeField instance
2023-12-05 18:33:31.128 [Test worker] DEBUG EdgeField - creating new EdgeField instance using 1|field2
2023-12-05 18:33:31.129 [Test worker] DEBUG EdgeField - setting defaults for EdgeField
2023-12-05 18:33:31.129 [Test worker] INFO  EdgeTable - creating new EdgeTable instance
2023-12-05 18:33:31.131 [Test worker] DEBUG EdgeTable - creating new EdgeTable instance using 1|table3
2023-12-05 18:33:31.131 [Test worker] INFO  EdgeTable - creating new EdgeTable instance
2023-12-05 18:33:31.133 [Test worker] DEBUG EdgeTable - creating new EdgeTable instance using 1|table4
2023-12-05 18:33:31.134 [Test worker] INFO  EdgeField - creating new EdgeField instance
2023-12-05 18:33:31.135 [Test worker] DEBUG EdgeField - creating new EdgeField instance using 1|field3
2023-12-05 18:33:31.136 [Test worker] DEBUG EdgeField - setting defaults for EdgeField
2023-12-05 18:33:31.136 [Test worker] INFO  EdgeField - creating new EdgeField instance
2023-12-05 18:33:31.137 [Test worker] DEBUG EdgeField - creating new EdgeField instance using 1|field4
2023-12-05 18:33:31.138 [Test worker] DEBUG EdgeField - setting defaults for EdgeField
2023-12-05 18:33:31.138 [Test worker] INFO  EdgeTable - convert the ArrayList into int[]
2023-12-05 18:33:31.138 [Test worker] DEBUG EdgeTable - nativeFields array: [I@463b4889
2023-12-05 18:33:31.138 [Test worker] DEBUG EdgeTable - relatedTables array: [I@7ea044a2
2023-12-05 18:33:31.139 [Test worker] DEBUG EdgeTable - relatedFields array: [I@4416d2e3
2023-12-05 18:33:31.139 [Test worker] INFO  EdgeTable - convert the ArrayList into int[]
2023-12-05 18:33:31.139 [Test worker] DEBUG EdgeTable - nativeFields array: [I@494c4aab
2023-12-05 18:33:31.139 [Test worker] DEBUG EdgeTable - relatedTables array: [I@552f3c0b
2023-12-05 18:33:31.139 [Test worker] DEBUG EdgeTable - relatedFields array: [I@2956e758
2023-12-05 18:33:31.139 [Test worker] INFO  EdgeField - creating new DDL instance using [LEdgeTable;@5ba5b95b and [LEdgeField;@7097a996
2023-12-05 18:33:31.140 [Test worker] DEBUG EdgeField - Initializing edgeConvert...
2023-12-05 18:33:31.203 [Test worker] DEBUG EdgeField - Stepping through tables...
2023-12-05 18:33:31.210 [Test worker] DEBUG EdgeTable - getting relatedFields array: [I@4416d2e3
2023-12-05 18:33:31.214 [Test worker] DEBUG EdgeField - Stepping through tables...
2023-12-05 18:33:31.216 [Test worker] DEBUG EdgeTable - getting relatedFields array: null
2023-12-05 18:33:31.237 [Test worker] INFO  EdgeConnector - Creating new EdgeConnector instance
2023-12-05 18:33:31.411 [Test worker] INFO  EdgeConnector - Get endPoint1
2023-12-05 18:33:31.414 [Test worker] INFO  EdgeConnector - Creating new EdgeConnector instance
2023-12-05 18:33:31.415 [Test worker] INFO  EdgeConnector - Get endPoint2
2023-12-05 18:33:31.417 [Test worker] INFO  EdgeConnector - Creating new EdgeConnector instance
2023-12-05 18:33:31.418 [Test worker] INFO  EdgeConnector - Get endStyle1
2023-12-05 18:33:31.420 [Test worker] INFO  EdgeConnector - Creating new EdgeConnector instance
2023-12-05 18:33:31.421 [Test worker] INFO  EdgeConnector - Get endStyle2
2023-12-05 18:33:31.508 [Test worker] INFO  EdgeConnector - Creating new EdgeConnector instance
2023-12-05 18:33:31.510 [Test worker] INFO  EdgeConnector - Get numConnector
2023-12-05 18:33:31.522 [Test worker] INFO  EdgeConnector - Creating new EdgeConnector instance
2023-12-05 18:33:31.531 [Test worker] INFO  EdgeConnector - Get isEP1Field
2023-12-05 18:33:31.535 [Test worker] INFO  EdgeConnector - Creating new EdgeConnector instance
2023-12-05 18:33:31.610 [Test worker] INFO  EdgeConnector - Get isEP1Table
2023-12-05 18:33:31.618 [Test worker] INFO  EdgeConnector - Creating new EdgeConnector instance
2023-12-05 18:33:31.620 [Test worker] INFO  EdgeConnector - Get isEP2Field
2023-12-05 18:33:31.625 [Test worker] INFO  EdgeConnector - Creating new EdgeConnector instance
2023-12-05 18:33:31.626 [Test worker] INFO  EdgeConnector - Get isEP2Table
2023-12-05 18:33:31.719 [Test worker] INFO  EdgeConnector - Creating new EdgeConnector instance
2023-12-05 18:33:31.741 [Test worker] INFO  EdgeConnector - Set isEP1Field to false
2023-12-05 18:33:31.750 [Test worker] INFO  EdgeConnector - Get isEP1Field
2023-12-05 18:33:31.790 [Test worker] INFO  EdgeConnector - Creating new EdgeConnector instance
2023-12-05 18:33:31.825 [Test worker] INFO  EdgeConnector - Set isEP1Table to false
2023-12-05 18:33:31.828 [Test worker] INFO  EdgeConnector - Get isEP1Table
2023-12-05 18:33:31.830 [Test worker] INFO  EdgeConnector - Creating new EdgeConnector instance
2023-12-05 18:33:31.831 [Test worker] INFO  EdgeConnector - Set isEP2Field to false
2023-12-05 18:33:31.831 [Test worker] INFO  EdgeConnector - Get isEP2Field
2023-12-05 18:33:31.837 [Test worker] INFO  EdgeConnector - Creating new EdgeConnector instance
2023-12-05 18:33:31.837 [Test worker] INFO  EdgeConnector - Set isEP2Table to false
2023-12-05 18:33:31.837 [Test worker] INFO  EdgeConnector - Get isEP2Table
2023-12-05 18:33:31.915 [Test worker] INFO  EdgeField - creating new EdgeField instance
2023-12-05 18:33:31.917 [Test worker] DEBUG EdgeField - creating new EdgeField instance using 1|MyField
2023-12-05 18:33:31.917 [Test worker] DEBUG EdgeField - setting defaults for EdgeField
2023-12-05 18:33:31.917 [Test worker] DEBUG EdgeField - getting fieldBound
2023-12-05 18:33:31.920 [Test worker] INFO  EdgeField - creating new EdgeField instance
2023-12-05 18:33:31.923 [Test worker] DEBUG EdgeField - creating new EdgeField instance using 1|MyField
2023-12-05 18:33:31.923 [Test worker] DEBUG EdgeField - setting defaults for EdgeField
2023-12-05 18:33:31.923 [Test worker] DEBUG EdgeField - getting whether isPrimaryKey
2023-12-05 18:33:31.927 [Test worker] INFO  EdgeField - creating new EdgeField instance
2023-12-05 18:33:31.927 [Test worker] DEBUG EdgeField - creating new EdgeField instance using 1|MyField
2023-12-05 18:33:31.928 [Test worker] DEBUG EdgeField - setting defaults for EdgeField
2023-12-05 18:33:31.928 [Test worker] DEBUG EdgeField - getting strDataType
2023-12-05 18:33:31.937 [Test worker] INFO  EdgeField - creating new EdgeField instance
2023-12-05 18:33:32.003 [Test worker] DEBUG EdgeField - creating new EdgeField instance using 1|MyField
2023-12-05 18:33:32.003 [Test worker] DEBUG EdgeField - setting defaults for EdgeField
2023-12-05 18:33:32.004 [Test worker] DEBUG EdgeField - setting tableBound to 10
2023-12-05 18:33:32.004 [Test worker] DEBUG EdgeField - setting tableBound to 8
2023-12-05 18:33:32.009 [Test worker] DEBUG EdgeField - setting tableBound to 3
2023-12-05 18:33:32.010 [Test worker] DEBUG EdgeField - getting tableBound
2023-12-05 18:33:32.017 [Test worker] INFO  EdgeField - creating new EdgeField instance
2023-12-05 18:33:32.020 [Test worker] DEBUG EdgeField - creating new EdgeField instance using 1|MyField
2023-12-05 18:33:32.066 [Test worker] DEBUG EdgeField - setting defaults for EdgeField
2023-12-05 18:33:32.068 [Test worker] DEBUG EdgeField - setting varcharValue to 3
2023-12-05 18:33:32.073 [Test worker] DEBUG EdgeField - getting varcharValue
2023-12-05 18:33:32.077 [Test worker] INFO  EdgeField - creating new EdgeField instance
2023-12-05 18:33:32.077 [Test worker] DEBUG EdgeField - creating new EdgeField instance using 1|MyField
2023-12-05 18:33:32.077 [Test worker] DEBUG EdgeField - setting defaults for EdgeField
2023-12-05 18:33:32.078 [Test worker] DEBUG EdgeField - setting fieldBound to 3
2023-12-05 18:33:32.102 [Test worker] DEBUG EdgeField - getting fieldBound
2023-12-05 18:33:32.104 [Test worker] INFO  EdgeField - creating new EdgeField instance
2023-12-05 18:33:32.104 [Test worker] DEBUG EdgeField - creating new EdgeField instance using 1|MyField
2023-12-05 18:33:32.105 [Test worker] DEBUG EdgeField - setting defaults for EdgeField
2023-12-05 18:33:32.105 [Test worker] DEBUG EdgeField - getting tableID
2023-12-05 18:33:32.105 [Test worker] INFO  EdgeField - creating new EdgeField instance
2023-12-05 18:33:32.106 [Test worker] DEBUG EdgeField - creating new EdgeField instance using 1|MyField
2023-12-05 18:33:32.107 [Test worker] DEBUG EdgeField - setting defaults for EdgeField
2023-12-05 18:33:32.107 [Test worker] DEBUG EdgeField - setting dataType to 3
2023-12-05 18:33:32.108 [Test worker] DEBUG EdgeField - getting dataType
2023-12-05 18:33:32.109 [Test worker] INFO  EdgeField - creating new EdgeField instance
2023-12-05 18:33:32.115 [Test worker] DEBUG EdgeField - creating new EdgeField instance using 1|MyField
2023-12-05 18:33:32.122 [Test worker] DEBUG EdgeField - setting defaults for EdgeField
2023-12-05 18:33:32.123 [Test worker] DEBUG EdgeField - getting dataType
2023-12-05 18:33:32.148 [Test worker] INFO  EdgeField - creating new EdgeField instance
2023-12-05 18:33:32.208 [Test worker] DEBUG EdgeField - creating new EdgeField instance using 1|MyField
2023-12-05 18:33:32.208 [Test worker] DEBUG EdgeField - setting defaults for EdgeField
2023-12-05 18:33:32.211 [Test worker] INFO  EdgeField - creating new EdgeField instance
2023-12-05 18:33:32.237 [Test worker] DEBUG EdgeField - creating new EdgeField instance using One|MyField
2023-12-05 18:33:32.243 [Test worker] INFO  EdgeField - creating new EdgeField instance
2023-12-05 18:33:32.248 [Test worker] DEBUG EdgeField - creating new EdgeField instance using 1|MyField
2023-12-05 18:33:32.249 [Test worker] DEBUG EdgeField - setting defaults for EdgeField
2023-12-05 18:33:32.251 [Test worker] DEBUG EdgeField - getting numFigure
2023-12-05 18:33:32.252 [Test worker] DEBUG EdgeField - getting name
2023-12-05 18:33:32.252 [Test worker] DEBUG EdgeField - getting tableID
2023-12-05 18:33:32.254 [Test worker] DEBUG EdgeField - getting tableBound
2023-12-05 18:33:32.254 [Test worker] DEBUG EdgeField - getting fieldBound
2023-12-05 18:33:32.254 [Test worker] DEBUG EdgeField - getting dataType
2023-12-05 18:33:32.254 [Test worker] DEBUG EdgeField - getting varcharValue
2023-12-05 18:33:32.254 [Test worker] DEBUG EdgeField - getting whether isPrimaryKey
2023-12-05 18:33:32.255 [Test worker] DEBUG EdgeField - getting disallowNull
2023-12-05 18:33:32.255 [Test worker] DEBUG EdgeField - getting defaultValue
2023-12-05 18:33:32.541 [Test worker] DEBUG EdgeField - printing tostring
2023-12-05 18:33:32.697 [Test worker] INFO  EdgeField - creating new EdgeField instance
2023-12-05 18:33:32.697 [Test worker] DEBUG EdgeField - creating new EdgeField instance using 1|MyField
2023-12-05 18:33:32.697 [Test worker] DEBUG EdgeField - setting defaults for EdgeField
2023-12-05 18:33:32.698 [Test worker] DEBUG EdgeField - setting isPrimaryKey to true
2023-12-05 18:33:32.698 [Test worker] DEBUG EdgeField - getting whether isPrimaryKey
2023-12-05 18:33:32.698 [Test worker] INFO  EdgeField - creating new EdgeField instance
2023-12-05 18:33:32.699 [Test worker] DEBUG EdgeField - creating new EdgeField instance using 1|MyField
2023-12-05 18:33:32.699 [Test worker] DEBUG EdgeField - setting defaults for EdgeField
2023-12-05 18:33:32.699 [Test worker] DEBUG EdgeField - setting dataType to 2
2023-12-05 18:33:32.699 [Test worker] DEBUG EdgeField - setting dataType to 1
2023-12-05 18:33:32.699 [Test worker] DEBUG EdgeField - setting dataType to 3
2023-12-05 18:33:32.699 [Test worker] DEBUG EdgeField - getting dataType
2023-12-05 18:33:32.699 [Test worker] INFO  EdgeField - creating new EdgeField instance
2023-12-05 18:33:32.699 [Test worker] DEBUG EdgeField - creating new EdgeField instance using 1|MyField
2023-12-05 18:33:32.699 [Test worker] DEBUG EdgeField - setting defaults for EdgeField
2023-12-05 18:33:32.699 [Test worker] DEBUG EdgeField - setting isPrimaryKey to true
2023-12-05 18:33:32.700 [Test worker] DEBUG EdgeField - setting isPrimaryKey to false
2023-12-05 18:33:32.700 [Test worker] DEBUG EdgeField - setting isPrimaryKey to true
2023-12-05 18:33:32.714 [Test worker] DEBUG EdgeField - getting whether isPrimaryKey
2023-12-05 18:33:32.715 [Test worker] INFO  EdgeField - creating new EdgeField instance
2023-12-05 18:33:32.715 [Test worker] DEBUG EdgeField - creating new EdgeField instance using 1|MyField
2023-12-05 18:33:32.715 [Test worker] DEBUG EdgeField - setting defaults for EdgeField
2023-12-05 18:33:32.715 [Test worker] INFO  EdgeField - creating new EdgeField instance
2023-12-05 18:33:32.716 [Test worker] DEBUG EdgeField - creating new EdgeField instance using MyField
2023-12-05 18:33:32.727 [Test worker] INFO  EdgeField - creating new EdgeField instance
2023-12-05 18:33:32.727 [Test worker] DEBUG EdgeField - creating new EdgeField instance using 1|MyField
2023-12-05 18:33:32.727 [Test worker] DEBUG EdgeField - setting defaults for EdgeField
2023-12-05 18:33:32.728 [Test worker] DEBUG EdgeField - setting dataType to 9
2023-12-05 18:33:32.728 [Test worker] DEBUG EdgeField - getting dataType
2023-12-05 18:33:32.728 [Test worker] INFO  EdgeField - creating new EdgeField instance
2023-12-05 18:33:32.728 [Test worker] DEBUG EdgeField - creating new EdgeField instance using 1|MyField
2023-12-05 18:33:32.728 [Test worker] DEBUG EdgeField - setting defaults for EdgeField
2023-12-05 18:33:32.729 [Test worker] DEBUG EdgeField - setting defaultValue to null
2023-12-05 18:33:32.729 [Test worker] DEBUG EdgeField - getting defaultValue
2023-12-05 18:33:32.729 [Test worker] INFO  EdgeField - creating new EdgeField instance
2023-12-05 18:33:32.729 [Test worker] DEBUG EdgeField - creating new EdgeField instance using 1|MyField
2023-12-05 18:33:32.729 [Test worker] DEBUG EdgeField - setting defaults for EdgeField
2023-12-05 18:33:32.729 [Test worker] DEBUG EdgeField - setting varcharValue to -5
2023-12-05 18:33:32.729 [Test worker] DEBUG EdgeField - getting varcharValue
2023-12-05 18:33:32.730 [Test worker] INFO  EdgeField - creating new EdgeField instance
2023-12-05 18:33:32.730 [Test worker] DEBUG EdgeField - creating new EdgeField instance using 1|MyField
2023-12-05 18:33:32.730 [Test worker] DEBUG EdgeField - setting defaults for EdgeField
2023-12-05 18:33:32.730 [Test worker] DEBUG EdgeField - getting name
2023-12-05 18:33:32.754 [Test worker] INFO  EdgeField - creating new EdgeField instance
2023-12-05 18:33:32.755 [Test worker] DEBUG EdgeField - creating new EdgeField instance using 1|MyField
2023-12-05 18:33:32.755 [Test worker] DEBUG EdgeField - setting defaults for EdgeField
2023-12-05 18:33:32.755 [Test worker] DEBUG EdgeField - setting defaultValue to string1
2023-12-05 18:33:32.755 [Test worker] DEBUG EdgeField - setting defaultValue to string2
2023-12-05 18:33:32.755 [Test worker] DEBUG EdgeField - setting defaultValue to string
2023-12-05 18:33:32.755 [Test worker] DEBUG EdgeField - getting defaultValue
2023-12-05 18:33:32.756 [Test worker] INFO  EdgeField - creating new EdgeField instance
2023-12-05 18:33:32.756 [Test worker] DEBUG EdgeField - creating new EdgeField instance using 1|MyField
2023-12-05 18:33:32.756 [Test worker] DEBUG EdgeField - setting defaults for EdgeField
2023-12-05 18:33:32.756 [Test worker] DEBUG EdgeField - setting tableID to -5
2023-12-05 18:33:32.756 [Test worker] DEBUG EdgeField - getting tableID
2023-12-05 18:33:32.757 [Test worker] INFO  EdgeField - creating new EdgeField instance
2023-12-05 18:33:32.757 [Test worker] DEBUG EdgeField - creating new EdgeField instance using 1|MyField
2023-12-05 18:33:32.757 [Test worker] DEBUG EdgeField - setting defaults for EdgeField
2023-12-05 18:33:32.757 [Test worker] DEBUG EdgeField - setting tableBound to -5
2023-12-05 18:33:32.757 [Test worker] DEBUG EdgeField - getting tableBound
2023-12-05 18:33:32.757 [Test worker] INFO  EdgeField - creating new EdgeField instance
2023-12-05 18:33:32.757 [Test worker] DEBUG EdgeField - creating new EdgeField instance using 1|MyField
2023-12-05 18:33:32.757 [Test worker] DEBUG EdgeField - setting defaults for EdgeField
2023-12-05 18:33:32.757 [Test worker] DEBUG EdgeField - getting tableBound
2023-12-05 18:33:32.758 [Test worker] INFO  EdgeField - creating new EdgeField instance
2023-12-05 18:33:32.758 [Test worker] DEBUG EdgeField - creating new EdgeField instance using 1|MyField
2023-12-05 18:33:32.758 [Test worker] DEBUG EdgeField - setting defaults for EdgeField
2023-12-05 18:33:32.840 [Test worker] DEBUG EdgeField - setting disallowNull to true
2023-12-05 18:33:32.841 [Test worker] DEBUG EdgeField - setting disallowNull to false
2023-12-05 18:33:32.841 [Test worker] DEBUG EdgeField - setting disallowNull to true
2023-12-05 18:33:32.841 [Test worker] DEBUG EdgeField - getting disallowNull
2023-12-05 18:33:32.904 [Test worker] INFO  EdgeField - creating new EdgeField instance
2023-12-05 18:33:32.915 [Test worker] DEBUG EdgeField - creating new EdgeField instance using 1|MyField
2023-12-05 18:33:32.915 [Test worker] DEBUG EdgeField - setting defaults for EdgeField
2023-12-05 18:33:32.915 [Test worker] DEBUG EdgeField - setting fieldBound to 10
2023-12-05 18:33:32.915 [Test worker] DEBUG EdgeField - setting fieldBound to 8
2023-12-05 18:33:32.915 [Test worker] DEBUG EdgeField - setting fieldBound to 3
2023-12-05 18:33:32.915 [Test worker] DEBUG EdgeField - getting fieldBound
2023-12-05 18:33:32.916 [Test worker] INFO  EdgeField - creating new EdgeField instance
2023-12-05 18:33:32.916 [Test worker] DEBUG EdgeField - creating new EdgeField instance using 1|MyField
2023-12-05 18:33:32.916 [Test worker] DEBUG EdgeField - setting defaults for EdgeField
2023-12-05 18:33:32.916 [Test worker] DEBUG EdgeField - setting tableID to 3
2023-12-05 18:33:32.916 [Test worker] DEBUG EdgeField - getting tableID
2023-12-05 18:33:32.929 [Test worker] INFO  EdgeField - creating new EdgeField instance
2023-12-05 18:33:33.004 [Test worker] DEBUG EdgeField - creating new EdgeField instance using 1|MyField
2023-12-05 18:33:33.004 [Test worker] DEBUG EdgeField - setting defaults for EdgeField
2023-12-05 18:33:33.005 [Test worker] DEBUG EdgeField - setting varcharValue to 2
2023-12-05 18:33:33.008 [Test worker] DEBUG EdgeField - setting varcharValue to 1
2023-12-05 18:33:33.009 [Test worker] DEBUG EdgeField - setting varcharValue to 3
2023-12-05 18:33:33.009 [Test worker] DEBUG EdgeField - getting varcharValue
2023-12-05 18:33:33.010 [Test worker] INFO  EdgeField - creating new EdgeField instance
2023-12-05 18:33:33.031 [Test worker] DEBUG EdgeField - creating new EdgeField instance using 1|MyField
2023-12-05 18:33:33.031 [Test worker] DEBUG EdgeField - setting defaults for EdgeField
2023-12-05 18:33:33.031 [Test worker] DEBUG EdgeField - getting defaultValue
2023-12-05 18:33:33.032 [Test worker] INFO  EdgeField - creating new EdgeField instance
2023-12-05 18:33:33.042 [Test worker] DEBUG EdgeField - creating new EdgeField instance using 1|MyField
2023-12-05 18:33:33.042 [Test worker] DEBUG EdgeField - setting defaults for EdgeField
2023-12-05 18:33:33.043 [Test worker] DEBUG EdgeField - setting tableBound to 3
2023-12-05 18:33:33.049 [Test worker] DEBUG EdgeField - getting tableBound
2023-12-05 18:33:33.051 [Test worker] INFO  EdgeField - creating new EdgeField instance
2023-12-05 18:33:33.064 [Test worker] DEBUG EdgeField - creating new EdgeField instance using 1|MyField
2023-12-05 18:33:33.070 [Test worker] DEBUG EdgeField - setting defaults for EdgeField
2023-12-05 18:33:33.081 [Test worker] DEBUG EdgeField - setting fieldBound to -5
2023-12-05 18:33:33.081 [Test worker] DEBUG EdgeField - getting fieldBound
2023-12-05 18:33:33.085 [Test worker] INFO  EdgeField - creating new EdgeField instance
2023-12-05 18:33:33.131 [Test worker] DEBUG EdgeField - creating new EdgeField instance using 1|MyField
2023-12-05 18:33:33.131 [Test worker] DEBUG EdgeField - setting defaults for EdgeField
2023-12-05 18:33:33.131 [Test worker] DEBUG EdgeField - getting disallowNull
2023-12-05 18:33:33.156 [Test worker] INFO  EdgeField - creating new EdgeField instance
2023-12-05 18:33:33.156 [Test worker] DEBUG EdgeField - creating new EdgeField instance using 1|MyField
2023-12-05 18:33:33.158 [Test worker] DEBUG EdgeField - setting defaults for EdgeField
2023-12-05 18:33:33.158 [Test worker] INFO  EdgeField - creating new EdgeField instance
2023-12-05 18:33:33.158 [Test worker] DEBUG EdgeField - creating new EdgeField instance using 1
2023-12-05 18:33:33.159 [Test worker] DEBUG EdgeField - setting defaults for EdgeField
2023-12-05 18:33:33.159 [Test worker] INFO  EdgeField - creating new EdgeField instance
2023-12-05 18:33:33.159 [Test worker] DEBUG EdgeField - creating new EdgeField instance using 1|MyField
2023-12-05 18:33:33.160 [Test worker] DEBUG EdgeField - setting defaults for EdgeField
2023-12-05 18:33:33.160 [Test worker] DEBUG EdgeField - setting defaultValue to string
2023-12-05 18:33:33.160 [Test worker] DEBUG EdgeField - getting defaultValue
2023-12-05 18:33:33.163 [Test worker] INFO  EdgeField - creating new EdgeField instance
2023-12-05 18:33:33.163 [Test worker] DEBUG EdgeField - creating new EdgeField instance using 1|MyField
2023-12-05 18:33:33.163 [Test worker] DEBUG EdgeField - setting defaults for EdgeField
2023-12-05 18:33:33.163 [Test worker] DEBUG EdgeField - getting numFigure
2023-12-05 18:33:33.164 [Test worker] INFO  EdgeField - creating new EdgeField instance
2023-12-05 18:33:33.203 [Test worker] DEBUG EdgeField - creating new EdgeField instance using 1|MyField
2023-12-05 18:33:33.209 [Test worker] DEBUG EdgeField - setting defaults for EdgeField
2023-12-05 18:33:33.210 [Test worker] DEBUG EdgeField - getting varcharValue
2023-12-05 18:33:33.211 [Test worker] INFO  EdgeField - creating new EdgeField instance
2023-12-05 18:33:33.215 [Test worker] DEBUG EdgeField - creating new EdgeField instance using 1|MyField
2023-12-05 18:33:33.215 [Test worker] DEBUG EdgeField - setting defaults for EdgeField
2023-12-05 18:33:33.217 [Test worker] DEBUG EdgeField - setting disallowNull to true
2023-12-05 18:33:33.217 [Test worker] DEBUG EdgeField - getting disallowNull
2023-12-05 18:33:33.219 [Test worker] INFO  EdgeField - creating new EdgeField instance
2023-12-05 18:33:33.220 [Test worker] DEBUG EdgeField - creating new EdgeField instance using 1|MyField
2023-12-05 18:33:33.220 [Test worker] DEBUG EdgeField - setting defaults for EdgeField
2023-12-05 18:33:33.221 [Test worker] INFO  EdgeField - creating new EdgeField instance
2023-12-05 18:33:33.221 [Test worker] DEBUG EdgeField - creating new EdgeField instance using 1,MyField
2023-12-05 18:33:33.222 [Test worker] INFO  EdgeField - creating new EdgeField instance
2023-12-05 18:33:33.225 [Test worker] DEBUG EdgeField - creating new EdgeField instance using 1|MyField
2023-12-05 18:33:33.226 [Test worker] DEBUG EdgeField - setting defaults for EdgeField
2023-12-05 18:33:33.226 [Test worker] INFO  EdgeField - creating new EdgeField instance
2023-12-05 18:33:33.227 [Test worker] DEBUG EdgeField - creating new EdgeField instance using 1|MyField
2023-12-05 18:33:33.227 [Test worker] DEBUG EdgeField - setting defaults for EdgeField
2023-12-05 18:33:33.227 [Test worker] DEBUG EdgeField - getting numFigure
2023-12-05 18:33:33.227 [Test worker] DEBUG EdgeField - getting name
2023-12-05 18:33:33.228 [Test worker] DEBUG EdgeField - getting tableID
2023-12-05 18:33:33.228 [Test worker] DEBUG EdgeField - getting tableBound
2023-12-05 18:33:33.228 [Test worker] DEBUG EdgeField - getting fieldBound
2023-12-05 18:33:33.229 [Test worker] DEBUG EdgeField - getting disallowNull
2023-12-05 18:33:33.229 [Test worker] DEBUG EdgeField - getting whether isPrimaryKey
2023-12-05 18:33:33.229 [Test worker] DEBUG EdgeField - getting defaultValue
2023-12-05 18:33:33.230 [Test worker] DEBUG EdgeField - getting varcharValue
2023-12-05 18:33:33.230 [Test worker] DEBUG EdgeField - getting dataType
2023-12-05 18:33:33.232 [Test worker] INFO  EdgeField - creating new EdgeField instance
2023-12-05 18:33:33.304 [Test worker] DEBUG EdgeField - creating new EdgeField instance using 1|MyField
2023-12-05 18:33:33.304 [Test worker] DEBUG EdgeField - setting defaults for EdgeField
2023-12-05 18:33:33.304 [Test worker] DEBUG EdgeField - setting tableID to 10
2023-12-05 18:33:33.304 [Test worker] DEBUG EdgeField - setting tableID to 8
2023-12-05 18:33:33.304 [Test worker] DEBUG EdgeField - setting tableID to 3
2023-12-05 18:33:33.305 [Test worker] DEBUG EdgeField - getting tableID
2023-12-05 18:33:33.305 [Test worker] INFO  EdgeField - creating new EdgeField instance
2023-12-05 18:33:33.306 [Test worker] DEBUG EdgeField - creating new EdgeField instance using 1|MyField
2023-12-05 18:33:33.306 [Test worker] DEBUG EdgeField - setting defaults for EdgeField
2023-12-05 18:33:33.306 [Test worker] INFO  EdgeField - creating new EdgeField instance
2023-12-05 18:33:33.307 [Test worker] DEBUG EdgeField - creating new EdgeField instance using 1|2
2023-12-05 18:33:33.308 [Test worker] DEBUG EdgeField - setting defaults for EdgeField
2023-12-05 18:33:33.308 [Test worker] DEBUG EdgeField - getting numFigure
2023-12-05 18:33:33.308 [Test worker] DEBUG EdgeField - getting name
2023-12-05 18:33:33.308 [Test worker] DEBUG EdgeField - getting tableID
2023-12-05 18:33:33.308 [Test worker] DEBUG EdgeField - getting tableBound
2023-12-05 18:33:33.308 [Test worker] DEBUG EdgeField - getting fieldBound
2023-12-05 18:33:33.308 [Test worker] DEBUG EdgeField - getting disallowNull
2023-12-05 18:33:33.309 [Test worker] DEBUG EdgeField - getting whether isPrimaryKey
2023-12-05 18:33:33.309 [Test worker] DEBUG EdgeField - getting defaultValue
2023-12-05 18:33:33.309 [Test worker] DEBUG EdgeField - getting varcharValue
2023-12-05 18:33:33.309 [Test worker] DEBUG EdgeField - getting dataType
2023-12-05 18:33:33.316 [Test worker] INFO  EdgeTable - creating new EdgeTable instance
2023-12-05 18:33:33.319 [Test worker] DEBUG EdgeTable - creating new EdgeTable instance using 1|tableName
2023-12-05 18:33:33.409 [Test worker] DEBUG EdgeTable - setting relatedFields[0] to 2
2023-12-05 18:33:33.410 [Test worker] DEBUG EdgeTable - getting relatedFields array: [I@55619f05
2023-12-05 18:33:33.410 [Test worker] INFO  EdgeTable - creating new EdgeTable instance
2023-12-05 18:33:33.431 [Test worker] DEBUG EdgeTable - creating new EdgeTable instance using 1|tableName
2023-12-05 18:33:33.514 [Test worker] DEBUG EdgeTable - adding 1 to alNativeFields
2023-12-05 18:33:33.517 [Test worker] DEBUG EdgeTable - adding 2 to alNativeFields
2023-12-05 18:33:33.518 [Test worker] DEBUG EdgeTable - adding 1 to alRelatedTables
2023-12-05 18:33:33.520 [Test worker] DEBUG EdgeTable - adding 2 to alRelatedTables
2023-12-05 18:33:33.521 [Test worker] INFO  EdgeTable - convert the ArrayList into int[]
2023-12-05 18:33:33.522 [Test worker] DEBUG EdgeTable - nativeFields array: [I@1b7fd0b2
2023-12-05 18:33:33.537 [Test worker] DEBUG EdgeTable - relatedTables array: [I@1f852519
2023-12-05 18:33:33.537 [Test worker] DEBUG EdgeTable - relatedFields array: [I@64f0ea93
2023-12-05 18:33:33.547 [Test worker] DEBUG EdgeTable - getting numFigure: 1
2023-12-05 18:33:33.548 [Test worker] DEBUG EdgeTable - getting name: tableName
2023-12-05 18:33:33.548 [Test worker] DEBUG EdgeTable - getting nativeFields array: [I@1b7fd0b2
2023-12-05 18:33:33.549 [Test worker] DEBUG EdgeTable - getting relatedTables array: [I@1f852519
2023-12-05 18:33:33.549 [Test worker] DEBUG EdgeTable - getting relatedFields array: [I@64f0ea93
2023-12-05 18:33:33.551 [Test worker] INFO  EdgeTable - creating new EdgeTable instance
2023-12-05 18:33:33.552 [Test worker] DEBUG EdgeTable - creating new EdgeTable instance using 1|tableName
2023-12-05 18:33:33.552 [Test worker] DEBUG EdgeTable - adding 1 to alNativeFields
2023-12-05 18:33:33.552 [Test worker] DEBUG EdgeTable - adding 2 to alNativeFields
2023-12-05 18:33:33.553 [Test worker] DEBUG EdgeTable - adding 1 to alRelatedTables
2023-12-05 18:33:33.553 [Test worker] DEBUG EdgeTable - adding 2 to alRelatedTables
2023-12-05 18:33:33.553 [Test worker] INFO  EdgeTable - convert the ArrayList into int[]
2023-12-05 18:33:33.554 [Test worker] DEBUG EdgeTable - nativeFields array: [I@1e8f7aa2
2023-12-05 18:33:33.564 [Test worker] DEBUG EdgeTable - relatedTables array: [I@7b10c381
2023-12-05 18:33:33.565 [Test worker] DEBUG EdgeTable - relatedFields array: [I@4d0b8c17
2023-12-05 18:33:33.569 [Test worker] DEBUG EdgeTable - getting nativeFields array: [I@1e8f7aa2
2023-12-05 18:33:33.570 [Test worker] DEBUG EdgeTable - getting relatedTables array: [I@7b10c381
2023-12-05 18:33:33.570 [Test worker] DEBUG EdgeTable - getting relatedFields array: [I@4d0b8c17
2023-12-05 18:33:33.572 [Test worker] INFO  EdgeTable - creating new EdgeTable instance
2023-12-05 18:33:33.572 [Test worker] DEBUG EdgeTable - creating new EdgeTable instance using 1|tableName
2023-12-05 18:33:33.572 [Test worker] DEBUG EdgeTable - adding 1 to alRelatedTables
2023-12-05 18:33:33.573 [Test worker] INFO  EdgeTable - creating new EdgeTable instance
2023-12-05 18:33:33.603 [Test worker] DEBUG EdgeTable - creating new EdgeTable instance using 1|tableName
2023-12-05 18:33:33.603 [Test worker] DEBUG EdgeTable - getting relatedFields array: [I@2e4c4357
2023-12-05 18:33:33.604 [Test worker] INFO  EdgeTable - creating new EdgeTable instance
2023-12-05 18:33:33.605 [Test worker] DEBUG EdgeTable - creating new EdgeTable instance using 1|tableName
2023-12-05 18:33:33.605 [Test worker] DEBUG EdgeTable - getting name: tableName
2023-12-05 18:33:33.605 [Test worker] INFO  EdgeTable - creating new EdgeTable instance
2023-12-05 18:33:33.606 [Test worker] DEBUG EdgeTable - creating new EdgeTable instance using 1|tableName
2023-12-05 18:33:33.606 [Test worker] INFO  EdgeTable - move the field closer to the end of the list
2023-12-05 18:33:33.609 [Test worker] DEBUG EdgeTable - switching native fields with index of 0 and 1
2023-12-05 18:33:33.610 [Test worker] DEBUG EdgeTable - before - nativeFields[0]: 1
2023-12-05 18:33:33.614 [Test worker] DEBUG EdgeTable - before - nativeFields[1]: 2
2023-12-05 18:33:33.615 [Test worker] DEBUG EdgeTable - after - nativeFields[0]: 2
2023-12-05 18:33:33.615 [Test worker] DEBUG EdgeTable - after - nativeFields[1]: 1
2023-12-05 18:33:33.616 [Test worker] DEBUG EdgeTable - switching related fields with index of 0 and 1
2023-12-05 18:33:33.617 [Test worker] DEBUG EdgeTable - before - relatedFields[0]: 1
2023-12-05 18:33:33.617 [Test worker] DEBUG EdgeTable - before - relatedFields[-1]: 2
2023-12-05 18:33:33.618 [Test worker] DEBUG EdgeTable - after - relatedFields[0]: 2
2023-12-05 18:33:33.619 [Test worker] DEBUG EdgeTable - after - relatedFields[-1]: 1
2023-12-05 18:33:33.620 [Test worker] DEBUG EdgeTable - getting nativeFields array: [I@4b737656
2023-12-05 18:33:33.620 [Test worker] DEBUG EdgeTable - getting relatedFields array: [I@3682b872
2023-12-05 18:33:33.622 [Test worker] INFO  EdgeTable - creating new EdgeTable instance
2023-12-05 18:33:33.623 [Test worker] DEBUG EdgeTable - creating new EdgeTable instance using 1|tableName
2023-12-05 18:33:33.623 [Test worker] DEBUG EdgeTable - getting nativeFields array: [I@2778f181
2023-12-05 18:33:33.625 [Test worker] INFO  EdgeTable - creating new EdgeTable instance
2023-12-05 18:33:33.626 [Test worker] DEBUG EdgeTable - creating new EdgeTable instance using 1|tableName
2023-12-05 18:33:33.626 [Test worker] DEBUG EdgeTable - adding 1 to alNativeFields
2023-12-05 18:33:33.627 [Test worker] INFO  EdgeTable - creating new EdgeTable instance
2023-12-05 18:33:33.628 [Test worker] DEBUG EdgeTable - creating new EdgeTable instance using 1|tableName
2023-12-05 18:33:33.629 [Test worker] INFO  EdgeTable - move the field closer to the beginning of the list
2023-12-05 18:33:33.630 [Test worker] DEBUG EdgeTable - switching native fields with index of 1 and 0
2023-12-05 18:33:33.631 [Test worker] DEBUG EdgeTable - before -nativeFields[0]: 1
2023-12-05 18:33:33.632 [Test worker] DEBUG EdgeTable - before - nativeFields[1]: 2
2023-12-05 18:33:33.632 [Test worker] DEBUG EdgeTable - after - nativeFields[0]: 2
2023-12-05 18:33:33.632 [Test worker] DEBUG EdgeTable - after - nativeFields[1]: 1
2023-12-05 18:33:33.633 [Test worker] DEBUG EdgeTable - switching related fields with index of 1 and 0
2023-12-05 18:33:33.830 [Test worker] DEBUG EdgeTable - before -relatedFields[0]: 1
2023-12-05 18:33:33.845 [Test worker] DEBUG EdgeTable - before - relatedFields[1]: 2
2023-12-05 18:33:33.931 [Test worker] DEBUG EdgeTable - after -relatedFields[0]: 2
2023-12-05 18:33:33.972 [Test worker] DEBUG EdgeTable - after - relatedFields[1]: 1
2023-12-05 18:33:33.973 [Test worker] DEBUG EdgeTable - getting nativeFields array: [I@6b6258c2
2023-12-05 18:33:33.973 [Test worker] DEBUG EdgeTable - getting relatedFields array: [I@3b73523e
2023-12-05 18:33:33.974 [Test worker] INFO  EdgeTable - creating new EdgeTable instance
2023-12-05 18:33:33.975 [Test worker] DEBUG EdgeTable - creating new EdgeTable instance using 1|tableName
2023-12-05 18:33:33.975 [Test worker] DEBUG EdgeTable - getting numFigure: 1
2023-12-05 18:33:33.976 [Test worker] INFO  EdgeTable - creating new EdgeTable instance
2023-12-05 18:33:33.976 [Test worker] DEBUG EdgeTable - creating new EdgeTable instance using 1|tableName
2023-12-05 18:33:33.977 [Test worker] DEBUG EdgeTable - adding 1 to alRelatedTables
